Using pre-set license
Built from '6000.1/staging' branch; Version is '6000.1.9f1 (ed7b183fd33d) revision 15563544'; Using compiler version '194234433'; Build Type 'Release'
OS: 'Windows 10  (10.0.19045) 64bit Core' Language: 'da' Physical Memory: 16326 MB
BatchMode: 1, IsHumanControllingUs: 0, StartBugReporterOnCrash: 0, Is64bit: 1, IsPro: 1
Date: 2025-07-02T16:29:30Z

COMMAND LINE ARGUMENTS:
F:\Program Files\Unity\Hub\Editor\6000.1.9f1\Editor\Unity.exe
-adb2
-batchMode
-noUpm
-name
AssetImportWorker0
-projectPath
D:/GitHub/Noise/New Unity Project
-logFile
Logs/AssetImportWorker0.log
-srvPort
51651
-job-worker-count
1
-background-job-worker-count
8
-gc-helper-count
1
-name
AssetImport
Successfully changed project path to: D:/GitHub/Noise/New Unity Project
D:/GitHub/Noise/New Unity Project
[UnityMemory] Configuration Parameters - Can be set up in boot.config
    "memorysetup-allocator-temp-initial-block-size-main=262144"
    "memorysetup-allocator-temp-initial-block-size-worker=262144"
    "memorysetup-bucket-allocator-granularity=16"
    "memorysetup-bucket-allocator-bucket-count=8"
    "memorysetup-bucket-allocator-block-size=33554432"
    "memorysetup-bucket-allocator-block-count=8"
    "memorysetup-main-allocator-block-size=16777216"
    "memorysetup-thread-allocator-block-size=16777216"
    "memorysetup-gfx-main-allocator-block-size=16777216"
    "memorysetup-gfx-thread-allocator-block-size=16777216"
    "memorysetup-cache-allocator-block-size=4194304"
    "memorysetup-typetree-allocator-block-size=2097152"
    "memorysetup-profiler-bucket-allocator-granularity=16"
    "memorysetup-profiler-bucket-allocator-bucket-count=8"
    "memorysetup-profiler-bucket-allocator-block-size=33554432"
    "memorysetup-profiler-bucket-allocator-block-count=8"
    "memorysetup-profiler-allocator-block-size=16777216"
    "memorysetup-profiler-editor-allocator-block-size=1048576"
    "memorysetup-temp-allocator-size-main=16777216"
    "memorysetup-job-temp-allocator-block-size=2097152"
    "memorysetup-job-temp-allocator-block-size-background=1048576"
    "memorysetup-job-temp-allocator-reduction-small-platforms=262144"
    "memorysetup-temp-allocator-size-background-worker=32768"
    "memorysetup-temp-allocator-size-job-worker=262144"
    "memorysetup-temp-allocator-size-preload-manager=33554432"
    "memorysetup-temp-allocator-size-nav-mesh-worker=65536"
    "memorysetup-temp-allocator-size-audio-worker=65536"
    "memorysetup-temp-allocator-size-cloud-worker=32768"
    "memorysetup-temp-allocator-size-gi-baking-worker=262144"
    "memorysetup-temp-allocator-size-gi-baking-worker=262144"
    "memorysetup-temp-allocator-size-gi-baking-worker=262144"
    "memorysetup-temp-allocator-size-gi-baking-worker=262144"
    "memorysetup-temp-allocator-size-gi-baking-worker=262144"
    "memorysetup-temp-allocator-size-gfx=262144"
Player connection [15236]  Target information:

Player connection [15236]  * "[IP] 192.168.0.145 [Port] 0 [Flags] 2 [Guid] 2106715442 [EditorId] 2106715442 [Version] 1048832 [Id] WindowsEditor(7,DESKTOP-60JG4B1) [Debug] 1 [PackageName] WindowsEditor [ProjectName] Editor" 

Player connection [15236] Host joined multi-casting on [225.0.0.222:54997]...
Player connection [15236] Host joined alternative multi-casting on [225.0.0.222:34997]...
JobSystem: Creating JobQueue using job-worker-count value 1
Input System module state changed to: Initialized.
[Physics::Module] Initialized fallback backend.
[Physics::Module] Id: 0xdecafbad
Library Redirect Path: Library/
[Physics::Module] Selected backend.
[Physics::Module] Name: PhysX
[Physics::Module] Id: 0xf2b8ea05
[Physics::Module] SDK Version: 4.1.2
[Physics::Module] Integration Version: 1.0.0
[Physics::Module] Threading Mode: Multi-Threaded
Refreshing native plugins compatible for Editor in 6.60 ms, found 2 plugins.
Preloading 0 native plugins for Editor in 0.00 ms.
Initialize engine version: 6000.1.9f1 (ed7b183fd33d)
[Subsystems] Discovering subsystems at path F:/Program Files/Unity/Hub/Editor/6000.1.9f1/Editor/Data/Resources/UnitySubsystems
[Subsystems] Discovering subsystems at path D:/GitHub/Noise/New Unity Project/Assets
GfxDevice: creating device client; kGfxThreadingModeNonThreaded
Direct3D:
    Version:  Direct3D 11.0 [level 11.1]
    Renderer: NVIDIA GeForce GTX 970 (ID=0x13c2)
    Vendor:   NVIDIA
    VRAM:     4030 MB
    Driver:   32.0.15.7680
Initialize mono
Mono path[0] = 'F:/Program Files/Unity/Hub/Editor/6000.1.9f1/Editor/Data/Managed'
Mono path[1] = 'F:/Program Files/Unity/Hub/Editor/6000.1.9f1/Editor/Data/MonoBleedingEdge/lib/mono/unityjit-win32'
Mono config path = 'F:/Program Files/Unity/Hub/Editor/6000.1.9f1/Editor/Data/MonoBleedingEdge/etc'
Using monoOptions --debugger-agent=transport=dt_socket,embedding=1,server=y,suspend=n,address=127.0.0.1:56804
Begin MonoManager ReloadAssembly
Registering precompiled unity dll's ...
Register platform support module: F:/Program Files/Unity/Hub/Editor/6000.1.9f1/Editor/Data/PlaybackEngines/WebGLSupport/UnityEditor.WebGL.Extensions.dll
Register platform support module: F:/Program Files/Unity/Hub/Editor/6000.1.9f1/Editor/Data/PlaybackEngines/WindowsStandaloneSupport/UnityEditor.WindowsStandalone.Extensions.dll
Registered in 0.030999 seconds.
- Loaded All Assemblies, in  1.428 seconds
Native extension for WindowsStandalone target not found
Native extension for WebGL target not found
Mono: successfully reloaded assembly
- Finished resetting the current domain, in  1.378 seconds
Domain Reload Profiling: 2805ms
	BeginReloadAssembly (466ms)
		ExecutionOrderSort (0ms)
		DisableScriptedObjects (0ms)
		BackupInstance (0ms)
		ReleaseScriptingObjects (0ms)
		CreateAndSetChildDomain (3ms)
	RebuildCommonClasses (92ms)
	RebuildNativeTypeToScriptingClass (61ms)
	initialDomainReloadingComplete (146ms)
	LoadAllAssembliesAndSetupDomain (661ms)
		LoadAssemblies (462ms)
		RebuildTransferFunctionScriptingTraits (0ms)
		AnalyzeDomain (656ms)
			TypeCache.Refresh (654ms)
				TypeCache.ScanAssembly (622ms)
			BuildScriptInfoCaches (0ms)
			ResolveRequiredComponents (1ms)
	FinalizeReload (1379ms)
		ReleaseScriptCaches (0ms)
		RebuildScriptCaches (0ms)
		SetupLoadedEditorAssemblies (1243ms)
			LogAssemblyErrors (0ms)
			InitializePlatformSupportModulesInManaged (262ms)
			SetLoadedEditorAssemblies (7ms)
			BeforeProcessingInitializeOnLoad (354ms)
			ProcessInitializeOnLoadAttributes (452ms)
			ProcessInitializeOnLoadMethodAttributes (168ms)
			AfterProcessingInitializeOnLoad (0ms)
			EditorAssembliesLoaded (0ms)
		ExecutionOrderSort2 (0ms)
		AwakeInstancesAfterBackupRestoration (0ms)
========================================================================
Worker process is ready to serve import requests
Import Worker Mode flag is 0x00
Begin MonoManager ReloadAssembly
Symbol file LoadedFromMemory is not a mono symbol file
- Loaded All Assemblies, in  2.063 seconds
Refreshing native plugins compatible for Editor in 25.17 ms, found 2 plugins.
Native extension for WindowsStandalone target not found
Native extension for WebGL target not found
Refreshing native plugins compatible for Editor in 25.45 ms, found 2 plugins.
Mono: successfully reloaded assembly
- Finished resetting the current domain, in  2.479 seconds
Domain Reload Profiling: 4539ms
	BeginReloadAssembly (600ms)
		ExecutionOrderSort (0ms)
		DisableScriptedObjects (22ms)
		BackupInstance (0ms)
		ReleaseScriptingObjects (0ms)
		CreateAndSetChildDomain (84ms)
	RebuildCommonClasses (124ms)
	RebuildNativeTypeToScriptingClass (37ms)
	initialDomainReloadingComplete (122ms)
	LoadAllAssembliesAndSetupDomain (1176ms)
		LoadAssemblies (990ms)
		RebuildTransferFunctionScriptingTraits (0ms)
		AnalyzeDomain (519ms)
			TypeCache.Refresh (375ms)
				TypeCache.ScanAssembly (320ms)
			BuildScriptInfoCaches (122ms)
			ResolveRequiredComponents (13ms)
	FinalizeReload (2480ms)
		ReleaseScriptCaches (0ms)
		RebuildScriptCaches (0ms)
		SetupLoadedEditorAssemblies (2087ms)
			LogAssemblyErrors (0ms)
			InitializePlatformSupportModulesInManaged (8ms)
			SetLoadedEditorAssemblies (13ms)
			BeforeProcessingInitializeOnLoad (589ms)
			ProcessInitializeOnLoadAttributes (922ms)
			ProcessInitializeOnLoadMethodAttributes (543ms)
			AfterProcessingInitializeOnLoad (12ms)
			EditorAssembliesLoaded (0ms)
		ExecutionOrderSort2 (0ms)
		AwakeInstancesAfterBackupRestoration (35ms)
Launched and connected shader compiler UnityShaderCompiler.exe after 0.06 seconds
Refreshing native plugins compatible for Editor in 11.45 ms, found 2 plugins.
Preloading 0 native plugins for Editor in 0.00 ms.
Unloading 24 Unused Serialized files (Serialized files now loaded: 0)
Unloading 2895 unused Assets / (459.6 KB). Loaded Objects now: 3393.
Memory consumption went from 89.5 MB to 89.1 MB.
Total: 27.100100 ms (FindLiveObjects: 0.371600 ms CreateObjectMapping: 0.241800 ms MarkObjects: 15.829200 ms  DeleteObjects: 10.656200 ms)

========================================================================
Received Import Request.
  Time since last request: 554727.091036 seconds.
  path: Assets/New Terrain.asset
  artifactKey: Guid(3f8e64d085c7cdf47841103eb12c261f) Importer(815301076,1909f56bfc062723c751e8b465ee728b)
Start importing Assets/New Terrain.asset using Guid(3f8e64d085c7cdf47841103eb12c261f) Importer(815301076,1909f56bfc062723c751e8b465ee728b) (PreviewImporter) -> (artifact id: 'c45addf18a11376e2da711b077334660') in 0.6374985 seconds
Number of updated asset objects reloaded before import = 0Number of asset objects unloaded after import = 14

========================================================================
Received Import Request.
  Time since last request: 0.000027 seconds.
  path: Assets/New Terrain 1.asset
  artifactKey: Guid(a286240290580694da17191bc5932870) Importer(815301076,1909f56bfc062723c751e8b465ee728b)
Start importing Assets/New Terrain 1.asset using Guid(a286240290580694da17191bc5932870) Importer(815301076,1909f56bfc062723c751e8b465ee728b) (PreviewImporter) -> (artifact id: '47617115933d7bbc935665d9339544af') in 0.1260171 seconds
Number of updated asset objects reloaded before import = 0Number of asset objects unloaded after import = 1

========================================================================
Received Import Request.
  Time since last request: 0.000078 seconds.
  path: Assets/BlockMaterial.mat
  artifactKey: Guid(d669985e1e35e1248a2a2bc59c22f681) Importer(815301076,1909f56bfc062723c751e8b465ee728b)
Start importing Assets/BlockMaterial.mat using Guid(d669985e1e35e1248a2a2bc59c22f681) Importer(815301076,1909f56bfc062723c751e8b465ee728b) (PreviewImporter) -> (artifact id: 'b0989b2cb05911ffacdae451a93cd3e8') in 0.5299391 seconds
Number of updated asset objects reloaded before import = 0Number of asset objects unloaded after import = 1

========================================================================
Received Import Request.
  Time since last request: 0.000031 seconds.
  path: Assets/New Terrain 2.asset
  artifactKey: Guid(2fac0260df7a25944ad3b263135c0f84) Importer(815301076,1909f56bfc062723c751e8b465ee728b)
Start importing Assets/New Terrain 2.asset using Guid(2fac0260df7a25944ad3b263135c0f84) Importer(815301076,1909f56bfc062723c751e8b465ee728b) (PreviewImporter) -> (artifact id: '05960deab08ad3b1859ce04961ed27ac') in 0.117386 seconds
Number of updated asset objects reloaded before import = 0Number of asset objects unloaded after import = 1

========================================================================
Received Import Request.
  Time since last request: 19.910571 seconds.
  path: Assets/Noise/BlenderSettings_Noise.asset
  artifactKey: Guid(554be4498b438604e9a962a3b121882d) Importer(815301076,1909f56bfc062723c751e8b465ee728b)
Start importing Assets/Noise/BlenderSettings_Noise.asset using Guid(554be4498b438604e9a962a3b121882d) Importer(815301076,1909f56bfc062723c751e8b465ee728b) (PreviewImporter) -> (artifact id: 'ad3da200c6700edc2031ae6c196daf0a') in 0.0032238 seconds
Number of updated asset objects reloaded before import = 0Number of asset objects unloaded after import = 1

========================================================================
Received Import Request.
  Time since last request: 0.000018 seconds.
  path: Assets/Noise/EditorNoiseShader.compute
  artifactKey: Guid(6569fbc2ff610d2408601a8e4d61ac46) Importer(815301076,1909f56bfc062723c751e8b465ee728b)
Start importing Assets/Noise/EditorNoiseShader.compute using Guid(6569fbc2ff610d2408601a8e4d61ac46) Importer(815301076,1909f56bfc062723c751e8b465ee728b) (PreviewImporter) -> (artifact id: '14813035d2cc1050578d184ed610d14a') in 0.001247 seconds
Number of updated asset objects reloaded before import = 0Number of asset objects unloaded after import = 1

========================================================================
Received Import Request.
  Time since last request: 0.000016 seconds.
  path: Assets/Noise/Material.mat
  artifactKey: Guid(0bc240d1f913a4996b83e73f9e4fdf87) Importer(815301076,1909f56bfc062723c751e8b465ee728b)
Start importing Assets/Noise/Material.mat using Guid(0bc240d1f913a4996b83e73f9e4fdf87) Importer(815301076,1909f56bfc062723c751e8b465ee728b) (PreviewImporter) -> (artifact id: '3edee02072e045c3a7c7122c8da0b83e') in 0.0065894 seconds
Number of updated asset objects reloaded before import = 0Number of asset objects unloaded after import = 1

========================================================================
Received Import Request.
  Time since last request: 0.000021 seconds.
  path: Assets/Noise/ComposerSettings.asset
  artifactKey: Guid(727af456d69132842830f4eec75f94c6) Importer(815301076,1909f56bfc062723c751e8b465ee728b)
Start importing Assets/Noise/ComposerSettings.asset using Guid(727af456d69132842830f4eec75f94c6) Importer(815301076,1909f56bfc062723c751e8b465ee728b) (PreviewImporter) -> (artifact id: 'c2a9e449b18eeaf065b7bedf4513ad30') in 0.0013854 seconds
Number of updated asset objects reloaded before import = 0Number of asset objects unloaded after import = 1

========================================================================
Received Import Request.
  Time since last request: 0.000015 seconds.
  path: Assets/Noise/NoiseTextureGenerator.compute
  artifactKey: Guid(9b45d2de5b2e1b842931bc1b7efa9d47) Importer(815301076,1909f56bfc062723c751e8b465ee728b)
Start importing Assets/Noise/NoiseTextureGenerator.compute using Guid(9b45d2de5b2e1b842931bc1b7efa9d47) Importer(815301076,1909f56bfc062723c751e8b465ee728b) (PreviewImporter) -> (artifact id: '1c2182e8841c39400ef77bf62762927d') in 0.00115 seconds
Number of updated asset objects reloaded before import = 0Number of asset objects unloaded after import = 1

========================================================================
Received Import Request.
  Time since last request: 0.000016 seconds.
  path: Assets/Noise/NoiseMaterial.mat
  artifactKey: Guid(b78ec0574c782354cad0e30bd92b0121) Importer(815301076,1909f56bfc062723c751e8b465ee728b)
Start importing Assets/Noise/NoiseMaterial.mat using Guid(b78ec0574c782354cad0e30bd92b0121) Importer(815301076,1909f56bfc062723c751e8b465ee728b) (PreviewImporter) -> (artifact id: 'edc5aa29b8fb5d0a54d0573b628edad5') in 0.0058396 seconds
Number of updated asset objects reloaded before import = 0Number of asset objects unloaded after import = 1

========================================================================
Received Import Request.
  Time since last request: 0.000020 seconds.
  path: Assets/Noise/noiseSimplex.cginc
  artifactKey: Guid(dd2693425e66dce4eaa85bab2b5b5227) Importer(815301076,1909f56bfc062723c751e8b465ee728b)
Start importing Assets/Noise/noiseSimplex.cginc using Guid(dd2693425e66dce4eaa85bab2b5b5227) Importer(815301076,1909f56bfc062723c751e8b465ee728b) (PreviewImporter) -> (artifact id: '4c3298fbe47c84810c4dedee3799b2ad') in 0.0013355 seconds
Number of updated asset objects reloaded before import = 0Number of asset objects unloaded after import = 1

========================================================================
Received Import Request.
  Time since last request: 0.000017 seconds.
  path: Assets/Noise/TransposerSettings.asset
  artifactKey: Guid(22a1abcfdb7278b41be5cb34d9844fb7) Importer(815301076,1909f56bfc062723c751e8b465ee728b)
Start importing Assets/Noise/TransposerSettings.asset using Guid(22a1abcfdb7278b41be5cb34d9844fb7) Importer(815301076,1909f56bfc062723c751e8b465ee728b) (PreviewImporter) -> (artifact id: '7d2121b0b6a5ea3468c877abc1df917b') in 0.0027399 seconds
Number of updated asset objects reloaded before import = 0Number of asset objects unloaded after import = 1

========================================================================
Received Import Request.
  Time since last request: 0.000016 seconds.
  path: Assets/Noise/PlaneDeformation.compute
  artifactKey: Guid(e9dffc7c29928ac4ba6782bddac55995) Importer(815301076,1909f56bfc062723c751e8b465ee728b)
Start importing Assets/Noise/PlaneDeformation.compute using Guid(e9dffc7c29928ac4ba6782bddac55995) Importer(815301076,1909f56bfc062723c751e8b465ee728b) (PreviewImporter) -> (artifact id: '14019211735db5fe69dd6f2e7303365f') in 0.0012811 seconds
Number of updated asset objects reloaded before import = 0Number of asset objects unloaded after import = 1

========================================================================
Received Import Request.
  Time since last request: 0.000016 seconds.
  path: Assets/Noise/Fractal.mat
  artifactKey: Guid(66edb1c92752f4a179646d9b28577d62) Importer(815301076,1909f56bfc062723c751e8b465ee728b)
Start importing Assets/Noise/Fractal.mat using Guid(66edb1c92752f4a179646d9b28577d62) Importer(815301076,1909f56bfc062723c751e8b465ee728b) (PreviewImporter) -> (artifact id: 'f83e5c4b6214fb899639bcb642a3baec') in 0.1389007 seconds
Number of updated asset objects reloaded before import = 0Number of asset objects unloaded after import = 1

========================================================================
Received Import Request.
  Time since last request: 0.000018 seconds.
  path: Assets/Noise/ProceduralCubes.compute
  artifactKey: Guid(3e65fe3732c76bd499f7371aa7052d66) Importer(815301076,1909f56bfc062723c751e8b465ee728b)
Start importing Assets/Noise/ProceduralCubes.compute using Guid(3e65fe3732c76bd499f7371aa7052d66) Importer(815301076,1909f56bfc062723c751e8b465ee728b) (PreviewImporter) -> (artifact id: '2272db85e1784bd41140ce5b50954b7e') in 0.0012405 seconds
Number of updated asset objects reloaded before import = 0Number of asset objects unloaded after import = 1

========================================================================
Received Import Request.
  Time since last request: 0.000018 seconds.
  path: Assets/Noise/NoiseSettings.asset
  artifactKey: Guid(fa7a0c5808cddfa4f8dc1b6a859f3131) Importer(815301076,1909f56bfc062723c751e8b465ee728b)
Start importing Assets/Noise/NoiseSettings.asset using Guid(fa7a0c5808cddfa4f8dc1b6a859f3131) Importer(815301076,1909f56bfc062723c751e8b465ee728b) (PreviewImporter) -> (artifact id: '12c338d42484d5116cb5029f338737fa') in 0.0013857 seconds
Number of updated asset objects reloaded before import = 0Number of asset objects unloaded after import = 1

========================================================================
Received Import Request.
  Time since last request: 1472.469549 seconds.
  path: Assets/Noise/TerrainGeometryShader.shader
  artifactKey: Guid(25d110e9da227a740b53bf061b466376) Importer(815301076,1909f56bfc062723c751e8b465ee728b)
Start importing Assets/Noise/TerrainGeometryShader.shader using Guid(25d110e9da227a740b53bf061b466376) Importer(815301076,1909f56bfc062723c751e8b465ee728b) (PreviewImporter) -> (artifact id: '51ff89c211dd456ab79739ccf913bbb0') in 0.0014266 seconds
Number of updated asset objects reloaded before import = 0Number of asset objects unloaded after import = 0

========================================================================
Received Import Request.
  Time since last request: 211.361083 seconds.
  path: Assets/Editor/NodeEditor.cs
  artifactKey: Guid(dfa9b3b885277a54e92c0ac9df9986fd) Importer(815301076,1909f56bfc062723c751e8b465ee728b)
Start importing Assets/Editor/NodeEditor.cs using Guid(dfa9b3b885277a54e92c0ac9df9986fd) Importer(815301076,1909f56bfc062723c751e8b465ee728b) (PreviewImporter) -> (artifact id: '79ff69c5ce8782fde7bdb833db5189da') in 0.0006921 seconds
Number of updated asset objects reloaded before import = 0Number of asset objects unloaded after import = 0

========================================================================
Received Import Request.
  Time since last request: 159.744046 seconds.
  path: Packages/com.unity.2d.sprite/package.json
  artifactKey: Guid(7dc5f1e5d04ac8549ac21802071e983b) Importer(815301076,1909f56bfc062723c751e8b465ee728b)
Start importing Packages/com.unity.2d.sprite/package.json using Guid(7dc5f1e5d04ac8549ac21802071e983b) Importer(815301076,1909f56bfc062723c751e8b465ee728b) (PreviewImporter) -> (artifact id: 'c15a5ee781d33d947b02b3bfa76a6905') in 0.0012579 seconds
Number of updated asset objects reloaded before import = 0Number of asset objects unloaded after import = 1

========================================================================
Received Import Request.
  Time since last request: 5.474674 seconds.
  path: Packages/com.unity.ugui/package.json
  artifactKey: Guid(319b8889f363f5947acf209c17a94149) Importer(815301076,1909f56bfc062723c751e8b465ee728b)
Start importing Packages/com.unity.ugui/package.json using Guid(319b8889f363f5947acf209c17a94149) Importer(815301076,1909f56bfc062723c751e8b465ee728b) (PreviewImporter) -> (artifact id: '5c147f387de81993e3a60f27495c431a') in 0.0010329 seconds
Number of updated asset objects reloaded before import = 0Number of asset objects unloaded after import = 1

========================================================================
Received Import Request.
  Time since last request: 21.978231 seconds.
  path: Assets/Editor
  artifactKey: Guid(c78ea215cb7f2ac47a3f2450f907f5f5) Importer(815301076,1909f56bfc062723c751e8b465ee728b)
Start importing Assets/Editor using Guid(c78ea215cb7f2ac47a3f2450f907f5f5) Importer(815301076,1909f56bfc062723c751e8b465ee728b) (PreviewImporter) -> (artifact id: '6b2b5ecd23669fbb662869614b4ae138') in 0.0006698 seconds
Number of updated asset objects reloaded before import = 0Number of asset objects unloaded after import = 0

========================================================================
Received Prepare
Begin MonoManager ReloadAssembly
Symbol file LoadedFromMemory is not a mono symbol file
- Loaded All Assemblies, in  0.854 seconds
Refreshing native plugins compatible for Editor in 4.93 ms, found 2 plugins.
Native extension for WindowsStandalone target not found
Native extension for WebGL target not found
Mono: successfully reloaded assembly
- Finished resetting the current domain, in  0.820 seconds
Domain Reload Profiling: 1673ms
	BeginReloadAssembly (253ms)
		ExecutionOrderSort (0ms)
		DisableScriptedObjects (8ms)
		BackupInstance (0ms)
		ReleaseScriptingObjects (0ms)
		CreateAndSetChildDomain (56ms)
	RebuildCommonClasses (50ms)
	RebuildNativeTypeToScriptingClass (38ms)
	initialDomainReloadingComplete (50ms)
	LoadAllAssembliesAndSetupDomain (461ms)
		LoadAssemblies (481ms)
		RebuildTransferFunctionScriptingTraits (0ms)
		AnalyzeDomain (116ms)
			TypeCache.Refresh (7ms)
				TypeCache.ScanAssembly (0ms)
			BuildScriptInfoCaches (102ms)
			ResolveRequiredComponents (5ms)
	FinalizeReload (820ms)
		ReleaseScriptCaches (0ms)
		RebuildScriptCaches (0ms)
		SetupLoadedEditorAssemblies (673ms)
			LogAssemblyErrors (0ms)
			InitializePlatformSupportModulesInManaged (2ms)
			SetLoadedEditorAssemblies (4ms)
			BeforeProcessingInitializeOnLoad (122ms)
			ProcessInitializeOnLoadAttributes (334ms)
			ProcessInitializeOnLoadMethodAttributes (206ms)
			AfterProcessingInitializeOnLoad (4ms)
			EditorAssembliesLoaded (0ms)
		ExecutionOrderSort2 (0ms)
		AwakeInstancesAfterBackupRestoration (15ms)
Refreshing native plugins compatible for Editor in 5.78 ms, found 2 plugins.
Preloading 0 native plugins for Editor in 0.00 ms.
Unloading 4 Unused Serialized files (Serialized files now loaded: 0)
Unloading 2893 unused Assets / (0.8 MB). Loaded Objects now: 3440.
Memory consumption went from 90.9 MB to 90.1 MB.
Total: 14.101500 ms (FindLiveObjects: 0.325600 ms CreateObjectMapping: 0.192600 ms MarkObjects: 12.699200 ms  DeleteObjects: 0.883000 ms)

Prepare: number of updated asset objects reloaded= 0
========================================================================
Received Prepare
Begin MonoManager ReloadAssembly
Symbol file LoadedFromMemory is not a mono symbol file
- Loaded All Assemblies, in  0.800 seconds
Refreshing native plugins compatible for Editor in 6.34 ms, found 2 plugins.
Native extension for WindowsStandalone target not found
Native extension for WebGL target not found
Mono: successfully reloaded assembly
- Finished resetting the current domain, in  0.807 seconds
Domain Reload Profiling: 1607ms
	BeginReloadAssembly (288ms)
		ExecutionOrderSort (0ms)
		DisableScriptedObjects (9ms)
		BackupInstance (0ms)
		ReleaseScriptingObjects (0ms)
		CreateAndSetChildDomain (53ms)
	RebuildCommonClasses (50ms)
	RebuildNativeTypeToScriptingClass (17ms)
	initialDomainReloadingComplete (31ms)
	LoadAllAssembliesAndSetupDomain (413ms)
		LoadAssemblies (463ms)
		RebuildTransferFunctionScriptingTraits (0ms)
		AnalyzeDomain (125ms)
			TypeCache.Refresh (8ms)
				TypeCache.ScanAssembly (0ms)
			BuildScriptInfoCaches (108ms)
			ResolveRequiredComponents (6ms)
	FinalizeReload (808ms)
		ReleaseScriptCaches (0ms)
		RebuildScriptCaches (0ms)
		SetupLoadedEditorAssemblies (663ms)
			LogAssemblyErrors (0ms)
			InitializePlatformSupportModulesInManaged (3ms)
			SetLoadedEditorAssemblies (5ms)
			BeforeProcessingInitializeOnLoad (119ms)
			ProcessInitializeOnLoadAttributes (326ms)
			ProcessInitializeOnLoadMethodAttributes (206ms)
			AfterProcessingInitializeOnLoad (4ms)
			EditorAssembliesLoaded (0ms)
		ExecutionOrderSort2 (0ms)
		AwakeInstancesAfterBackupRestoration (13ms)
Refreshing native plugins compatible for Editor in 5.98 ms, found 2 plugins.
Preloading 0 native plugins for Editor in 0.00 ms.
Unloading 4 Unused Serialized files (Serialized files now loaded: 0)
Unloading 2893 unused Assets / (1.0 MB). Loaded Objects now: 3441.
Memory consumption went from 90.9 MB to 89.9 MB.
Total: 13.222000 ms (FindLiveObjects: 0.402700 ms CreateObjectMapping: 0.377100 ms MarkObjects: 11.373300 ms  DeleteObjects: 1.067400 ms)

Prepare: number of updated asset objects reloaded= 0
========================================================================
Received Prepare
Begin MonoManager ReloadAssembly
Symbol file LoadedFromMemory is not a mono symbol file
- Loaded All Assemblies, in  0.844 seconds
Refreshing native plugins compatible for Editor in 5.04 ms, found 2 plugins.
Native extension for WindowsStandalone target not found
Native extension for WebGL target not found
Mono: successfully reloaded assembly
- Finished resetting the current domain, in  1.808 seconds
Domain Reload Profiling: 2653ms
	BeginReloadAssembly (297ms)
		ExecutionOrderSort (0ms)
		DisableScriptedObjects (10ms)
		BackupInstance (0ms)
		ReleaseScriptingObjects (0ms)
		CreateAndSetChildDomain (56ms)
	RebuildCommonClasses (60ms)
	RebuildNativeTypeToScriptingClass (21ms)
	initialDomainReloadingComplete (36ms)
	LoadAllAssembliesAndSetupDomain (430ms)
		LoadAssemblies (479ms)
		RebuildTransferFunctionScriptingTraits (0ms)
		AnalyzeDomain (131ms)
			TypeCache.Refresh (9ms)
				TypeCache.ScanAssembly (0ms)
			BuildScriptInfoCaches (115ms)
			ResolveRequiredComponents (5ms)
	FinalizeReload (1809ms)
		ReleaseScriptCaches (0ms)
		RebuildScriptCaches (0ms)
		SetupLoadedEditorAssemblies (1409ms)
			LogAssemblyErrors (0ms)
			InitializePlatformSupportModulesInManaged (3ms)
			SetLoadedEditorAssemblies (8ms)
			BeforeProcessingInitializeOnLoad (418ms)
			ProcessInitializeOnLoadAttributes (694ms)
			ProcessInitializeOnLoadMethodAttributes (281ms)
			AfterProcessingInitializeOnLoad (4ms)
			EditorAssembliesLoaded (0ms)
		ExecutionOrderSort2 (0ms)
		AwakeInstancesAfterBackupRestoration (14ms)
Refreshing native plugins compatible for Editor in 5.80 ms, found 2 plugins.
Preloading 0 native plugins for Editor in 0.00 ms.
Unloading 4 Unused Serialized files (Serialized files now loaded: 0)
Unloading 2893 unused Assets / (1.1 MB). Loaded Objects now: 3442.
Memory consumption went from 90.9 MB to 89.8 MB.
Total: 11.160500 ms (FindLiveObjects: 0.367300 ms CreateObjectMapping: 0.423400 ms MarkObjects: 9.311100 ms  DeleteObjects: 1.057500 ms)

Prepare: number of updated asset objects reloaded= 0
========================================================================
Received Prepare
Begin MonoManager ReloadAssembly
Symbol file LoadedFromMemory is not a mono symbol file
- Loaded All Assemblies, in  0.761 seconds
Refreshing native plugins compatible for Editor in 5.40 ms, found 2 plugins.
Native extension for WindowsStandalone target not found
Native extension for WebGL target not found
Mono: successfully reloaded assembly
- Finished resetting the current domain, in  1.334 seconds
Domain Reload Profiling: 2095ms
	BeginReloadAssembly (274ms)
		ExecutionOrderSort (0ms)
		DisableScriptedObjects (10ms)
		BackupInstance (0ms)
		ReleaseScriptingObjects (0ms)
		CreateAndSetChildDomain (54ms)
	RebuildCommonClasses (49ms)
	RebuildNativeTypeToScriptingClass (17ms)
	initialDomainReloadingComplete (32ms)
	LoadAllAssembliesAndSetupDomain (389ms)
		LoadAssemblies (434ms)
		RebuildTransferFunctionScriptingTraits (0ms)
		AnalyzeDomain (116ms)
			TypeCache.Refresh (7ms)
				TypeCache.ScanAssembly (0ms)
			BuildScriptInfoCaches (102ms)
			ResolveRequiredComponents (4ms)
	FinalizeReload (1335ms)
		ReleaseScriptCaches (0ms)
		RebuildScriptCaches (0ms)
		SetupLoadedEditorAssemblies (1198ms)
			LogAssemblyErrors (0ms)
			InitializePlatformSupportModulesInManaged (3ms)
			SetLoadedEditorAssemblies (5ms)
			BeforeProcessingInitializeOnLoad (318ms)
			ProcessInitializeOnLoadAttributes (407ms)
			ProcessInitializeOnLoadMethodAttributes (459ms)
			AfterProcessingInitializeOnLoad (6ms)
			EditorAssembliesLoaded (0ms)
		ExecutionOrderSort2 (0ms)
		AwakeInstancesAfterBackupRestoration (13ms)
Refreshing native plugins compatible for Editor in 6.12 ms, found 2 plugins.
Preloading 0 native plugins for Editor in 0.00 ms.
Unloading 4 Unused Serialized files (Serialized files now loaded: 0)
Unloading 2893 unused Assets / (1.1 MB). Loaded Objects now: 3443.
Memory consumption went from 90.9 MB to 89.8 MB.
Total: 11.179600 ms (FindLiveObjects: 0.349300 ms CreateObjectMapping: 0.257200 ms MarkObjects: 9.534000 ms  DeleteObjects: 1.037900 ms)

Prepare: number of updated asset objects reloaded= 0
========================================================================
Received Prepare
Begin MonoManager ReloadAssembly
Symbol file LoadedFromMemory is not a mono symbol file
- Loaded All Assemblies, in  0.795 seconds
Refreshing native plugins compatible for Editor in 5.07 ms, found 2 plugins.
Native extension for WindowsStandalone target not found
Native extension for WebGL target not found
Mono: successfully reloaded assembly
- Finished resetting the current domain, in  1.221 seconds
Domain Reload Profiling: 2016ms
	BeginReloadAssembly (272ms)
		ExecutionOrderSort (0ms)
		DisableScriptedObjects (8ms)
		BackupInstance (0ms)
		ReleaseScriptingObjects (0ms)
		CreateAndSetChildDomain (54ms)
	RebuildCommonClasses (54ms)
	RebuildNativeTypeToScriptingClass (24ms)
	initialDomainReloadingComplete (56ms)
	LoadAllAssembliesAndSetupDomain (388ms)
		LoadAssemblies (426ms)
		RebuildTransferFunctionScriptingTraits (0ms)
		AnalyzeDomain (124ms)
			TypeCache.Refresh (8ms)
				TypeCache.ScanAssembly (0ms)
			BuildScriptInfoCaches (109ms)
			ResolveRequiredComponents (4ms)
	FinalizeReload (1221ms)
		ReleaseScriptCaches (0ms)
		RebuildScriptCaches (0ms)
		SetupLoadedEditorAssemblies (1070ms)
			LogAssemblyErrors (0ms)
			InitializePlatformSupportModulesInManaged (2ms)
			SetLoadedEditorAssemblies (5ms)
			BeforeProcessingInitializeOnLoad (226ms)
			ProcessInitializeOnLoadAttributes (447ms)
			ProcessInitializeOnLoadMethodAttributes (382ms)
			AfterProcessingInitializeOnLoad (8ms)
			EditorAssembliesLoaded (0ms)
		ExecutionOrderSort2 (0ms)
		AwakeInstancesAfterBackupRestoration (28ms)
Refreshing native plugins compatible for Editor in 5.88 ms, found 2 plugins.
Preloading 0 native plugins for Editor in 0.00 ms.
Unloading 4 Unused Serialized files (Serialized files now loaded: 0)
Unloading 2893 unused Assets / (1.1 MB). Loaded Objects now: 3444.
Memory consumption went from 90.9 MB to 89.8 MB.
Total: 11.493400 ms (FindLiveObjects: 0.357300 ms CreateObjectMapping: 0.521600 ms MarkObjects: 9.558400 ms  DeleteObjects: 1.054600 ms)

Prepare: number of updated asset objects reloaded= 0
========================================================================
Received Prepare
Begin MonoManager ReloadAssembly
Symbol file LoadedFromMemory is not a mono symbol file
- Loaded All Assemblies, in  0.754 seconds
Refreshing native plugins compatible for Editor in 5.20 ms, found 2 plugins.
Native extension for WindowsStandalone target not found
Native extension for WebGL target not found
Mono: successfully reloaded assembly
- Finished resetting the current domain, in  1.317 seconds
Domain Reload Profiling: 2071ms
	BeginReloadAssembly (249ms)
		ExecutionOrderSort (0ms)
		DisableScriptedObjects (8ms)
		BackupInstance (0ms)
		ReleaseScriptingObjects (0ms)
		CreateAndSetChildDomain (54ms)
	RebuildCommonClasses (47ms)
	RebuildNativeTypeToScriptingClass (18ms)
	initialDomainReloadingComplete (31ms)
	LoadAllAssembliesAndSetupDomain (409ms)
		LoadAssemblies (422ms)
		RebuildTransferFunctionScriptingTraits (0ms)
		AnalyzeDomain (123ms)
			TypeCache.Refresh (12ms)
				TypeCache.ScanAssembly (1ms)
			BuildScriptInfoCaches (104ms)
			ResolveRequiredComponents (4ms)
	FinalizeReload (1317ms)
		ReleaseScriptCaches (0ms)
		RebuildScriptCaches (0ms)
		SetupLoadedEditorAssemblies (1089ms)
			LogAssemblyErrors (0ms)
			InitializePlatformSupportModulesInManaged (9ms)
			SetLoadedEditorAssemblies (36ms)
			BeforeProcessingInitializeOnLoad (151ms)
			ProcessInitializeOnLoadAttributes (468ms)
			ProcessInitializeOnLoadMethodAttributes (416ms)
			AfterProcessingInitializeOnLoad (9ms)
			EditorAssembliesLoaded (0ms)
		ExecutionOrderSort2 (0ms)
		AwakeInstancesAfterBackupRestoration (14ms)
Refreshing native plugins compatible for Editor in 5.74 ms, found 2 plugins.
Preloading 0 native plugins for Editor in 0.00 ms.
Unloading 4 Unused Serialized files (Serialized files now loaded: 0)
Unloading 2893 unused Assets / (1.3 MB). Loaded Objects now: 3445.
Memory consumption went from 90.9 MB to 89.6 MB.
Total: 12.961000 ms (FindLiveObjects: 0.420100 ms CreateObjectMapping: 1.074400 ms MarkObjects: 9.970600 ms  DeleteObjects: 1.494100 ms)

Prepare: number of updated asset objects reloaded= 0
========================================================================
Received Import Request.
  Time since last request: 1650.084611 seconds.
  path: Assets/New Terrain 2.asset
  artifactKey: Guid(2fac0260df7a25944ad3b263135c0f84) Importer(815301076,1909f56bfc062723c751e8b465ee728b)
Start importing Assets/New Terrain 2.asset using Guid(2fac0260df7a25944ad3b263135c0f84) Importer(815301076,1909f56bfc062723c751e8b465ee728b) (PreviewImporter) -> (artifact id: 'c05d14242fbc9b98b3e6edc6b8df9f67') in 0.0771534 seconds
Number of updated asset objects reloaded before import = 0Number of asset objects unloaded after import = 1

========================================================================
Received Prepare
Begin MonoManager ReloadAssembly
Symbol file LoadedFromMemory is not a mono symbol file
- Loaded All Assemblies, in  0.947 seconds
Refreshing native plugins compatible for Editor in 10.42 ms, found 2 plugins.
Native extension for WindowsStandalone target not found
Native extension for WebGL target not found
Mono: successfully reloaded assembly
- Finished resetting the current domain, in  1.380 seconds
Domain Reload Profiling: 2326ms
	BeginReloadAssembly (353ms)
		ExecutionOrderSort (0ms)
		DisableScriptedObjects (11ms)
		BackupInstance (0ms)
		ReleaseScriptingObjects (0ms)
		CreateAndSetChildDomain (110ms)
	RebuildCommonClasses (71ms)
	RebuildNativeTypeToScriptingClass (23ms)
	initialDomainReloadingComplete (43ms)
	LoadAllAssembliesAndSetupDomain (455ms)
		LoadAssemblies (480ms)
		RebuildTransferFunctionScriptingTraits (0ms)
		AnalyzeDomain (144ms)
			TypeCache.Refresh (11ms)
				TypeCache.ScanAssembly (1ms)
			BuildScriptInfoCaches (122ms)
			ResolveRequiredComponents (9ms)
	FinalizeReload (1381ms)
		ReleaseScriptCaches (0ms)
		RebuildScriptCaches (0ms)
		SetupLoadedEditorAssemblies (1164ms)
			LogAssemblyErrors (0ms)
			InitializePlatformSupportModulesInManaged (3ms)
			SetLoadedEditorAssemblies (5ms)
			BeforeProcessingInitializeOnLoad (144ms)
			ProcessInitializeOnLoadAttributes (652ms)
			ProcessInitializeOnLoadMethodAttributes (339ms)
			AfterProcessingInitializeOnLoad (10ms)
			EditorAssembliesLoaded (12ms)
		ExecutionOrderSort2 (0ms)
		AwakeInstancesAfterBackupRestoration (17ms)
Refreshing native plugins compatible for Editor in 11.55 ms, found 2 plugins.
Preloading 0 native plugins for Editor in 0.00 ms.
Unloading 4 Unused Serialized files (Serialized files now loaded: 0)
Unloading 2893 unused Assets / (320.8 KB). Loaded Objects now: 3446.
Memory consumption went from 90.9 MB to 90.6 MB.
Total: 15.831200 ms (FindLiveObjects: 0.334700 ms CreateObjectMapping: 0.298000 ms MarkObjects: 14.259600 ms  DeleteObjects: 0.937900 ms)

Prepare: number of updated asset objects reloaded= 0
========================================================================
Received Prepare
Begin MonoManager ReloadAssembly
Symbol file LoadedFromMemory is not a mono symbol file
- Loaded All Assemblies, in  0.868 seconds
Refreshing native plugins compatible for Editor in 5.78 ms, found 2 plugins.
Native extension for WindowsStandalone target not found
Native extension for WebGL target not found
Mono: successfully reloaded assembly
- Finished resetting the current domain, in  1.505 seconds
Domain Reload Profiling: 2373ms
	BeginReloadAssembly (302ms)
		ExecutionOrderSort (0ms)
		DisableScriptedObjects (8ms)
		BackupInstance (0ms)
		ReleaseScriptingObjects (0ms)
		CreateAndSetChildDomain (61ms)
	RebuildCommonClasses (52ms)
	RebuildNativeTypeToScriptingClass (19ms)
	initialDomainReloadingComplete (48ms)
	LoadAllAssembliesAndSetupDomain (446ms)
		LoadAssemblies (469ms)
		RebuildTransferFunctionScriptingTraits (0ms)
		AnalyzeDomain (156ms)
			TypeCache.Refresh (9ms)
				TypeCache.ScanAssembly (0ms)
			BuildScriptInfoCaches (138ms)
			ResolveRequiredComponents (7ms)
	FinalizeReload (1506ms)
		ReleaseScriptCaches (0ms)
		RebuildScriptCaches (0ms)
		SetupLoadedEditorAssemblies (1261ms)
			LogAssemblyErrors (0ms)
			InitializePlatformSupportModulesInManaged (3ms)
			SetLoadedEditorAssemblies (7ms)
			BeforeProcessingInitializeOnLoad (185ms)
			ProcessInitializeOnLoadAttributes (783ms)
			ProcessInitializeOnLoadMethodAttributes (268ms)
			AfterProcessingInitializeOnLoad (15ms)
			EditorAssembliesLoaded (0ms)
		ExecutionOrderSort2 (0ms)
		AwakeInstancesAfterBackupRestoration (14ms)
Refreshing native plugins compatible for Editor in 5.36 ms, found 2 plugins.
Preloading 0 native plugins for Editor in 0.00 ms.
Unloading 4 Unused Serialized files (Serialized files now loaded: 0)
Unloading 2893 unused Assets / (1.1 MB). Loaded Objects now: 3447.
Memory consumption went from 90.9 MB to 89.8 MB.
Total: 15.432300 ms (FindLiveObjects: 2.892400 ms CreateObjectMapping: 0.957900 ms MarkObjects: 10.253300 ms  DeleteObjects: 1.327300 ms)

Prepare: number of updated asset objects reloaded= 0
========================================================================
Received Import Request.
  Time since last request: 79.931692 seconds.
  path: Assets/NoiseAssets/aaaNoise.asset
  artifactKey: Guid(2dd848892bbb44f4495a037e63e1195d) Importer(815301076,1909f56bfc062723c751e8b465ee728b)
Start importing Assets/NoiseAssets/aaaNoise.asset using Guid(2dd848892bbb44f4495a037e63e1195d) Importer(815301076,1909f56bfc062723c751e8b465ee728b) (PreviewImporter)NullReferenceException: Object reference not set to an instance of an object
  at WindowEditorNodeSaver.OnEnable () [0x00000] in D:\GitHub\Noise\New Unity Project\Assets\Editor\WindowEditorNodeSaver.cs:14 

(Filename: Assets/Editor/WindowEditorNodeSaver.cs Line: 14)

 -> (artifact id: '6d6ddef7be495de136bfb3c42f356935') in 0.0925719 seconds
Number of updated asset objects reloaded before import = 0Number of asset objects unloaded after import = 12

========================================================================
Received Import Request.
  Time since last request: 0.000021 seconds.
  path: Assets/NoiseAssets/NoiseGenerator.prefab
  artifactKey: Guid(2072a77738e427c4da0e66832597b26d) Importer(815301076,1909f56bfc062723c751e8b465ee728b)
Start importing Assets/NoiseAssets/NoiseGenerator.prefab using Guid(2072a77738e427c4da0e66832597b26d) Importer(815301076,1909f56bfc062723c751e8b465ee728b) (PreviewImporter) -> (artifact id: 'f22292502413576167f923689336e7f9') in 0.0393647 seconds
Number of updated asset objects reloaded before import = 0Number of asset objects unloaded after import = 6

========================================================================
Received Prepare
Begin MonoManager ReloadAssembly
Symbol file LoadedFromMemory is not a mono symbol file
- Loaded All Assemblies, in  0.714 seconds
Refreshing native plugins compatible for Editor in 5.77 ms, found 2 plugins.
Native extension for WindowsStandalone target not found
Native extension for WebGL target not found
Mono: successfully reloaded assembly
- Finished resetting the current domain, in  0.772 seconds
Domain Reload Profiling: 1485ms
	BeginReloadAssembly (259ms)
		ExecutionOrderSort (0ms)
		DisableScriptedObjects (8ms)
		BackupInstance (0ms)
		ReleaseScriptingObjects (0ms)
		CreateAndSetChildDomain (55ms)
	RebuildCommonClasses (51ms)
	RebuildNativeTypeToScriptingClass (17ms)
	initialDomainReloadingComplete (32ms)
	LoadAllAssembliesAndSetupDomain (354ms)
		LoadAssemblies (394ms)
		RebuildTransferFunctionScriptingTraits (0ms)
		AnalyzeDomain (111ms)
			TypeCache.Refresh (5ms)
				TypeCache.ScanAssembly (0ms)
			BuildScriptInfoCaches (99ms)
			ResolveRequiredComponents (4ms)
	FinalizeReload (772ms)
		ReleaseScriptCaches (0ms)
		RebuildScriptCaches (0ms)
		SetupLoadedEditorAssemblies (643ms)
			LogAssemblyErrors (0ms)
			InitializePlatformSupportModulesInManaged (3ms)
			SetLoadedEditorAssemblies (5ms)
			BeforeProcessingInitializeOnLoad (113ms)
			ProcessInitializeOnLoadAttributes (324ms)
			ProcessInitializeOnLoadMethodAttributes (192ms)
			AfterProcessingInitializeOnLoad (6ms)
			EditorAssembliesLoaded (0ms)
		ExecutionOrderSort2 (0ms)
		AwakeInstancesAfterBackupRestoration (12ms)
Refreshing native plugins compatible for Editor in 5.90 ms, found 2 plugins.
Preloading 0 native plugins for Editor in 0.00 ms.
Unloading 4 Unused Serialized files (Serialized files now loaded: 0)
Unloading 2893 unused Assets / (0.9 MB). Loaded Objects now: 3448.
Memory consumption went from 90.9 MB to 90.0 MB.
Total: 10.137800 ms (FindLiveObjects: 0.341000 ms CreateObjectMapping: 0.200800 ms MarkObjects: 8.744000 ms  DeleteObjects: 0.850700 ms)

Prepare: number of updated asset objects reloaded= 0
========================================================================
Received Import Request.
  Time since last request: 108.236780 seconds.
  path: Assets/NoiseAssets/aaaNoise_OLD.asset
  artifactKey: Guid(2dd848892bbb44f4495a037e63e1195d) Importer(815301076,1909f56bfc062723c751e8b465ee728b)
Start importing Assets/NoiseAssets/aaaNoise_OLD.asset using Guid(2dd848892bbb44f4495a037e63e1195d) Importer(815301076,1909f56bfc062723c751e8b465ee728b) (PreviewImporter)NullReferenceException: Object reference not set to an instance of an object
  at WindowEditorNodeSaver.OnEnable () [0x00000] in D:\GitHub\Noise\New Unity Project\Assets\Editor\WindowEditorNodeSaver.cs:14 

(Filename: Assets/Editor/WindowEditorNodeSaver.cs Line: 14)

 -> (artifact id: '55ebbeadb68aa448b22f24ba49d6c9c5') in 0.0432127 seconds
Number of updated asset objects reloaded before import = 0Number of asset objects unloaded after import = 12

========================================================================
Received Import Request.
  Time since last request: 24.026853 seconds.
  path: Assets/NoiseAssets/aaaNoise.asset
  artifactKey: Guid(bd91931587d7d8d4fa9401f4e9d630e8) Importer(815301076,1909f56bfc062723c751e8b465ee728b)
Start importing Assets/NoiseAssets/aaaNoise.asset using Guid(bd91931587d7d8d4fa9401f4e9d630e8) Importer(815301076,1909f56bfc062723c751e8b465ee728b) (PreviewImporter)NullReferenceException: Object reference not set to an instance of an object
  at WindowEditorNodeSaver.OnEnable () [0x00000] in D:\GitHub\Noise\New Unity Project\Assets\Editor\WindowEditorNodeSaver.cs:14 

(Filename: Assets/Editor/WindowEditorNodeSaver.cs Line: 14)

 -> (artifact id: 'cb33982fe3200dd29728c573efb40d3f') in 0.0015936 seconds
Number of updated asset objects reloaded before import = 0Number of asset objects unloaded after import = 1

========================================================================
Received Import Request.
  Time since last request: 4.372331 seconds.
  path: Assets/NoiseAssets/aaaNoise.asset
  artifactKey: Guid(bd91931587d7d8d4fa9401f4e9d630e8) Importer(815301076,1909f56bfc062723c751e8b465ee728b)
Start importing Assets/NoiseAssets/aaaNoise.asset using Guid(bd91931587d7d8d4fa9401f4e9d630e8) Importer(815301076,1909f56bfc062723c751e8b465ee728b) (PreviewImporter)NullReferenceException: Object reference not set to an instance of an object
  at WindowEditorNodeSaver.OnEnable () [0x00000] in D:\GitHub\Noise\New Unity Project\Assets\Editor\WindowEditorNodeSaver.cs:14 

(Filename: Assets/Editor/WindowEditorNodeSaver.cs Line: 14)

 -> (artifact id: '473fe8adfbf9be84813eaf3ccbed9627') in 0.0019725 seconds
Number of updated asset objects reloaded before import = 0Number of asset objects unloaded after import = 2

========================================================================
Received Import Request.
  Time since last request: 1.434726 seconds.
  path: Assets/NoiseAssets/aaaNoise.asset
  artifactKey: Guid(bd91931587d7d8d4fa9401f4e9d630e8) Importer(815301076,1909f56bfc062723c751e8b465ee728b)
Start importing Assets/NoiseAssets/aaaNoise.asset using Guid(bd91931587d7d8d4fa9401f4e9d630e8) Importer(815301076,1909f56bfc062723c751e8b465ee728b) (PreviewImporter)NullReferenceException: Object reference not set to an instance of an object
  at WindowEditorNodeSaver.OnEnable () [0x00000] in D:\GitHub\Noise\New Unity Project\Assets\Editor\WindowEditorNodeSaver.cs:14 

(Filename: Assets/Editor/WindowEditorNodeSaver.cs Line: 14)

 -> (artifact id: '42c1f1709fd019b91dc75824ea08f998') in 0.0022057 seconds
Number of updated asset objects reloaded before import = 0Number of asset objects unloaded after import = 3

========================================================================
Received Import Request.
  Time since last request: 9.830314 seconds.
  path: Assets/NoiseAssets/aaaNoise.asset
  artifactKey: Guid(bd91931587d7d8d4fa9401f4e9d630e8) Importer(815301076,1909f56bfc062723c751e8b465ee728b)
Start importing Assets/NoiseAssets/aaaNoise.asset using Guid(bd91931587d7d8d4fa9401f4e9d630e8) Importer(815301076,1909f56bfc062723c751e8b465ee728b) (PreviewImporter)NullReferenceException: Object reference not set to an instance of an object
  at WindowEditorNodeSaver.OnEnable () [0x00000] in D:\GitHub\Noise\New Unity Project\Assets\Editor\WindowEditorNodeSaver.cs:14 

(Filename: Assets/Editor/WindowEditorNodeSaver.cs Line: 14)

 -> (artifact id: '5d4983dcac17c300c608fc860bc80846') in 0.0032958 seconds
Number of updated asset objects reloaded before import = 0Number of asset objects unloaded after import = 4

========================================================================
Received Import Request.
  Time since last request: 15.678375 seconds.
  path: Assets/NoiseAssets/aaaNoise.asset
  artifactKey: Guid(bd91931587d7d8d4fa9401f4e9d630e8) Importer(815301076,1909f56bfc062723c751e8b465ee728b)
Start importing Assets/NoiseAssets/aaaNoise.asset using Guid(bd91931587d7d8d4fa9401f4e9d630e8) Importer(815301076,1909f56bfc062723c751e8b465ee728b) (PreviewImporter)NullReferenceException: Object reference not set to an instance of an object
  at WindowEditorNodeSaver.OnEnable () [0x00000] in D:\GitHub\Noise\New Unity Project\Assets\Editor\WindowEditorNodeSaver.cs:14 

(Filename: Assets/Editor/WindowEditorNodeSaver.cs Line: 14)

 -> (artifact id: '0822f4fa187a5f28381ea7f4d8b10588') in 0.0021337 seconds
Number of updated asset objects reloaded before import = 0Number of asset objects unloaded after import = 4

========================================================================
Received Import Request.
  Time since last request: 16.908984 seconds.
  path: Assets/NoiseAssets/aaaNoise.asset
  artifactKey: Guid(bd91931587d7d8d4fa9401f4e9d630e8) Importer(815301076,1909f56bfc062723c751e8b465ee728b)
Start importing Assets/NoiseAssets/aaaNoise.asset using Guid(bd91931587d7d8d4fa9401f4e9d630e8) Importer(815301076,1909f56bfc062723c751e8b465ee728b) (PreviewImporter)NullReferenceException: Object reference not set to an instance of an object
  at WindowEditorNodeSaver.OnEnable () [0x00000] in D:\GitHub\Noise\New Unity Project\Assets\Editor\WindowEditorNodeSaver.cs:14 

(Filename: Assets/Editor/WindowEditorNodeSaver.cs Line: 14)

 -> (artifact id: '0fd68224ced870fddefa8f58a5502f0e') in 0.0033293 seconds
Number of updated asset objects reloaded before import = 0Number of asset objects unloaded after import = 4

========================================================================
Received Prepare
Begin MonoManager ReloadAssembly
Symbol file LoadedFromMemory is not a mono symbol file
- Loaded All Assemblies, in  1.082 seconds
Refreshing native plugins compatible for Editor in 189.39 ms, found 2 plugins.
Native extension for WindowsStandalone target not found
Native extension for WebGL target not found
Mono: successfully reloaded assembly
- Finished resetting the current domain, in  2.402 seconds
Domain Reload Profiling: 3484ms
	BeginReloadAssembly (341ms)
		ExecutionOrderSort (0ms)
		DisableScriptedObjects (9ms)
		BackupInstance (0ms)
		ReleaseScriptingObjects (0ms)
		CreateAndSetChildDomain (79ms)
	RebuildCommonClasses (71ms)
	RebuildNativeTypeToScriptingClass (22ms)
	initialDomainReloadingComplete (40ms)
	LoadAllAssembliesAndSetupDomain (608ms)
		LoadAssemblies (600ms)
		RebuildTransferFunctionScriptingTraits (0ms)
		AnalyzeDomain (207ms)
			TypeCache.Refresh (10ms)
				TypeCache.ScanAssembly (1ms)
			BuildScriptInfoCaches (186ms)
			ResolveRequiredComponents (7ms)
	FinalizeReload (2402ms)
		ReleaseScriptCaches (0ms)
		RebuildScriptCaches (0ms)
		SetupLoadedEditorAssemblies (1845ms)
			LogAssemblyErrors (0ms)
			InitializePlatformSupportModulesInManaged (3ms)
			SetLoadedEditorAssemblies (14ms)
			BeforeProcessingInitializeOnLoad (280ms)
			ProcessInitializeOnLoadAttributes (516ms)
			ProcessInitializeOnLoadMethodAttributes (1026ms)
			AfterProcessingInitializeOnLoad (6ms)
			EditorAssembliesLoaded (0ms)
		ExecutionOrderSort2 (0ms)
		AwakeInstancesAfterBackupRestoration (14ms)
Refreshing native plugins compatible for Editor in 7.28 ms, found 2 plugins.
Preloading 0 native plugins for Editor in 0.00 ms.
Unloading 4 Unused Serialized files (Serialized files now loaded: 0)
Unloading 2893 unused Assets / (0.9 MB). Loaded Objects now: 3449.
Memory consumption went from 90.9 MB to 90.1 MB.
Total: 11.385500 ms (FindLiveObjects: 0.360700 ms CreateObjectMapping: 0.216500 ms MarkObjects: 9.968700 ms  DeleteObjects: 0.838000 ms)

Prepare: number of updated asset objects reloaded= 0
========================================================================
Received Prepare
Begin MonoManager ReloadAssembly
Symbol file LoadedFromMemory is not a mono symbol file
- Loaded All Assemblies, in  0.738 seconds
Refreshing native plugins compatible for Editor in 5.71 ms, found 2 plugins.
Native extension for WindowsStandalone target not found
Native extension for WebGL target not found
Mono: successfully reloaded assembly
- Finished resetting the current domain, in  0.878 seconds
Domain Reload Profiling: 1616ms
	BeginReloadAssembly (265ms)
		ExecutionOrderSort (0ms)
		DisableScriptedObjects (8ms)
		BackupInstance (0ms)
		ReleaseScriptingObjects (0ms)
		CreateAndSetChildDomain (57ms)
	RebuildCommonClasses (48ms)
	RebuildNativeTypeToScriptingClass (20ms)
	initialDomainReloadingComplete (34ms)
	LoadAllAssembliesAndSetupDomain (370ms)
		LoadAssemblies (387ms)
		RebuildTransferFunctionScriptingTraits (0ms)
		AnalyzeDomain (116ms)
			TypeCache.Refresh (5ms)
				TypeCache.ScanAssembly (0ms)
			BuildScriptInfoCaches (103ms)
			ResolveRequiredComponents (6ms)
	FinalizeReload (879ms)
		ReleaseScriptCaches (0ms)
		RebuildScriptCaches (0ms)
		SetupLoadedEditorAssemblies (737ms)
			LogAssemblyErrors (0ms)
			InitializePlatformSupportModulesInManaged (5ms)
			SetLoadedEditorAssemblies (5ms)
			BeforeProcessingInitializeOnLoad (123ms)
			ProcessInitializeOnLoadAttributes (391ms)
			ProcessInitializeOnLoadMethodAttributes (206ms)
			AfterProcessingInitializeOnLoad (7ms)
			EditorAssembliesLoaded (0ms)
		ExecutionOrderSort2 (0ms)
		AwakeInstancesAfterBackupRestoration (13ms)
Refreshing native plugins compatible for Editor in 6.91 ms, found 2 plugins.
Preloading 0 native plugins for Editor in 0.00 ms.
Unloading 4 Unused Serialized files (Serialized files now loaded: 0)
Unloading 2893 unused Assets / (0.8 MB). Loaded Objects now: 3450.
Memory consumption went from 90.9 MB to 90.1 MB.
Total: 11.976400 ms (FindLiveObjects: 0.403900 ms CreateObjectMapping: 0.450900 ms MarkObjects: 9.469900 ms  DeleteObjects: 1.650400 ms)

Prepare: number of updated asset objects reloaded= 0
